<?xml version="1.0" encoding="UTF-8"?>
<!-- Generated by org.testng.reporters.JUnitReportReporter -->
<testsuite hostname="MGTECHLPT311" failures="2" tests="2" name="testRunner.TestNgRunner" time="57.335" errors="0" timestamp="2023-07-09T20:57:24 IST" skipped="0">
  <testcase classname="testRunner.TestNgRunner" name="runScenario" time="28.240">
    <failure type="java.lang.AssertionError">
      <![CDATA[java.lang.AssertionError
at org.junit.Assert.fail(Assert.java:87)
at org.junit.Assert.assertTrue(Assert.java:42)
at org.junit.Assert.assertTrue(Assert.java:53)
at stepDefinitions.steps.user_navigates_to_my_account_page(steps.java:83)
at ✽.User navigates to MyAccount Page(file:///C:/Users/kpkmt942/eclipse-workspace/opencart_jaccoDemo/src/main/java/Features/Login.feature:9)
]]>
    </failure>
  </testcase> <!-- runScenario -->
  <system-out/>
  <testcase classname="testRunner.TestNgRunner" name="runScenario" time="29.095">
    <failure type="java.lang.AssertionError">
      <![CDATA[java.lang.AssertionError
at org.junit.Assert.fail(Assert.java:87)
at org.junit.Assert.assertTrue(Assert.java:42)
at org.junit.Assert.assertTrue(Assert.java:53)
at stepDefinitions.steps.user_navigates_to_my_account_page(steps.java:83)
at ✽.User navigates to MyAccount Page(file:///C:/Users/kpkmt942/eclipse-workspace/opencart_jaccoDemo/src/main/java/Features/Login.feature:18)
]]>
    </failure>
  </testcase> <!-- runScenario -->
  <system-out/>
</testsuite> <!-- testRunner.TestNgRunner -->
